<?xml version="1.0" encoding="UTF-8"?>
<!-- Generated by org.testng.reporters.JUnitReportReporter -->
<testsuite hostname="Techno-311" failures="0" tests="1" name="io.mosip.test.pmptest.testcase.PolicyGroupTest" time="37.147" errors="0" timestamp="2022-07-13T16:54:03 IST" skipped="0">
  <testcase classname="io.mosip.test.pmptest.testcase.PolicyGroupTest" name="PolicyGroupCRUD" time="37.147"/>
  <system-out/>
</testsuite> <!-- io.mosip.test.pmptest.testcase.PolicyGroupTest -->
