<?xml version="1.0" encoding="UTF-8"?>
<!-- Generated by org.testng.reporters.JUnitReportReporter -->
<testsuite hostname="Techno-311" failures="0" tests="1" name="io.mosip.test.pmptest.testcase.SbiDetailsTest" time="47.238" errors="0" timestamp="2022-07-13T16:40:32 IST" skipped="0">
  <testcase classname="io.mosip.test.pmptest.testcase.SbiDetailsTest" name="ftmDetailsCRUD" time="47.238"/>
  <system-out/>
</testsuite> <!-- io.mosip.test.pmptest.testcase.SbiDetailsTest -->
