<?xml version="1.0" encoding="UTF-8"?>
<!-- Generated by org.testng.reporters.JUnitReportReporter -->
<testsuite hostname="Techno-311" failures="0" tests="1" name="io.mosip.test.pmptest.testcase.DeviceDetailsTest" time="53.480" errors="0" timestamp="2022-07-13T12:25:26 IST" skipped="0">
  <testcase classname="io.mosip.test.pmptest.testcase.DeviceDetailsTest" name="deviceDetailsCRUD" time="53.480"/>
  <system-out/>
</testsuite> <!-- io.mosip.test.pmptest.testcase.DeviceDetailsTest -->
