<?xml version="1.0" encoding="UTF-8"?>
<!-- Generated by org.testng.reporters.JUnitReportReporter -->
<testsuite hostname="Techno-311" failures="0" tests="1" name="io.mosip.test.admintest.testcase.BulkUploadTest" time="0.000" errors="0" timestamp="2022-07-05T14:23:05 IST" skipped="1">
  <testcase classname="io.mosip.test.admintest.testcase.BulkUploadTest" name="bulkUploadCRUD" time="0.000">
    <skipped/>
  </testcase> <!-- bulkUploadCRUD -->
  <system-out/>
</testsuite> <!-- io.mosip.test.admintest.testcase.BulkUploadTest -->
