<?xml version="1.0" encoding="UTF-8"?>
<!-- Generated by org.testng.reporters.JUnitReportReporter -->
<testsuite hostname="Techno-311" failures="0" tests="1" name="io.mosip.test.pmptest.testcase.AuthPolicyTest" time="43.974" errors="0" timestamp="2022-07-13T16:56:24 IST" skipped="0">
  <testcase classname="io.mosip.test.pmptest.testcase.AuthPolicyTest" name="PolicyGroupCRUD" time="43.974"/>
  <system-out/>
</testsuite> <!-- io.mosip.test.pmptest.testcase.AuthPolicyTest -->
