<?xml version="1.0" encoding="UTF-8"?>
<!-- Generated by org.testng.reporters.JUnitReportReporter -->
<testsuite hostname="Techno-311" failures="0" tests="1" name="io.mosip.test.pmptest.testcase.SbiDetailsTest" time="45.653" errors="0" timestamp="2022-07-12T22:25:01 IST" skipped="0">
  <testcase classname="io.mosip.test.pmptest.testcase.SbiDetailsTest" name="ftmDetailsCRUD" time="45.653"/>
  <system-out/>
</testsuite> <!-- io.mosip.test.pmptest.testcase.SbiDetailsTest -->
